

*******************************************************************************
Thu Jan 13 15:30:11 2022


FIT:    data read from "mcarancho.dat"
        format = z
        #datapoints = 70
        residuals are weighted equally (unit weight)

function used for fitting: f(x)
	f(x) = a*x + b
BREAK: Need via and either parameter list or file

*******************************************************************************
Thu Jan 13 15:30:50 2022


FIT:    data read from "mcarancho.dat"
        format = z
        #datapoints = 70
        residuals are weighted equally (unit weight)

function used for fitting: f(x)
	f(x) = a*x + b
fitted parameters initialized with current variable values

iter      chisq       delta/lim  lambda   a             b            
   0 4.5816631002e+03   0.00e+00  9.58e+00    1.000000e+00   1.000000e+00
   4 4.2225475453e+00  -2.57e-03  9.58e-04    4.573834e-01   2.161839e-01

After 4 iterations the fit converged.
final sum of squares of residuals : 4.22255
rel. change during last iteration : -2.56904e-08

degrees of freedom    (FIT_NDF)                        : 68
rms of residuals      (FIT_STDFIT) = sqrt(WSSR/ndf)    : 0.249191
variance of residuals (reduced chisquare) = WSSR/ndf   : 0.0620963

Final set of parameters            Asymptotic Standard Error
=======================            ==========================
a               = 0.457383         +/- 0.00737      (1.611%)
b               = 0.216184         +/- 0.09963      (46.09%)

correlation matrix of the fit parameters:
                a      b      
a               1.000 
b              -0.954  1.000 


*******************************************************************************
Thu Jan 13 19:00:39 2022


FIT:    data read from "mcardns.dat"
        format = z
        #datapoints = 12
        residuals are weighted equally (unit weight)

function used for fitting: f(x)
	f(x) = a*x + b
fitted parameters initialized with current variable values

iter      chisq       delta/lim  lambda   a             b            
   0 1.0648300218e+02   0.00e+00  7.37e-01    1.000000e+00   1.000000e+00
   4 1.0951386119e+01  -1.46e-06  7.37e-05    7.534967e+00   1.974242e+00

After 4 iterations the fit converged.
final sum of squares of residuals : 10.9514
rel. change during last iteration : -1.46131e-11

degrees of freedom    (FIT_NDF)                        : 10
rms of residuals      (FIT_STDFIT) = sqrt(WSSR/ndf)    : 1.04649
variance of residuals (reduced chisquare) = WSSR/ndf   : 1.09514

Final set of parameters            Asymptotic Standard Error
=======================            ==========================
a               = 7.53497          +/- 2.188        (29.04%)
b               = 1.97424          +/- 0.6441       (32.62%)

correlation matrix of the fit parameters:
                a      b      
a               1.000 
b              -0.883  1.000 
