

*******************************************************************************
Fri Jan 14 18:50:38 2022


FIT:    data read from "mcardns10.dat"
        format = z
        x range restricted to [-0.347908 : 0.823967]
        #datapoints = 27
        residuals are weighted equally (unit weight)

function used for fitting: f(x)
	f(x) = A - e**(- b * (x - 0.04))
fitted parameters initialized with current variable values

iter      chisq       delta/lim  lambda   A             b            
   0 3.1735305562e+02   0.00e+00  7.14e-01    1.000000e+00   1.000000e+00
   8 5.2189916650e+01  -3.36e-01  7.14e-06    3.433157e+00   4.170859e+01

After 8 iterations the fit converged.
final sum of squares of residuals : 52.1899
rel. change during last iteration : -3.3598e-06

degrees of freedom    (FIT_NDF)                        : 25
rms of residuals      (FIT_STDFIT) = sqrt(WSSR/ndf)    : 1.44485
variance of residuals (reduced chisquare) = WSSR/ndf   : 2.0876

Final set of parameters            Asymptotic Standard Error
=======================            ==========================
A               = 3.43316          +/- 0.2827       (8.235%)
b               = 41.7086          +/- 12.55        (30.09%)

correlation matrix of the fit parameters:
                A      b      
A               1.000 
b               0.181  1.000 


*******************************************************************************
Fri Jan 14 18:52:35 2022


FIT:    data read from "mcardns10.dat"
        format = z
        x range restricted to [-0.0172678 : 0.0937135]
        #datapoints = 9
        residuals are weighted equally (unit weight)

function used for fitting: f(x)
	f(x) = A*(1 - e**(- b * (x - 0.04)))
fitted parameters initialized with current variable values

iter      chisq       delta/lim  lambda   A             b            
   0 1.0278120715e+02   0.00e+00  4.74e+00    3.433157e+00   4.170859e+01
 496 2.0260866410e+00  -1.52e-01  4.74e-04    2.172523e+02   1.475570e-01

After 496 iterations the fit converged.
final sum of squares of residuals : 2.02609
rel. change during last iteration : -1.52402e-06

degrees of freedom    (FIT_NDF)                        : 7
rms of residuals      (FIT_STDFIT) = sqrt(WSSR/ndf)    : 0.537997
variance of residuals (reduced chisquare) = WSSR/ndf   : 0.289441

Final set of parameters            Asymptotic Standard Error
=======================            ==========================
A               = 217.252          +/- 2.084e+04    (9590%)
b               = 0.147557         +/- 14.18        (9610%)

correlation matrix of the fit parameters:
                A      b      
A               1.000 
b              -1.000  1.000 


*******************************************************************************
Fri Jan 14 18:53:17 2022


FIT:    data read from "mcardns10.dat"
        format = z
        x range restricted to [-0.511434 : 1.10356]
        #datapoints = 27
        residuals are weighted equally (unit weight)

function used for fitting: f(x)
	f(x) = A*(1 - e**(- b * (x - 0.04)))
fitted parameters initialized with current variable values

iter      chisq       delta/lim  lambda   b            
   0 3.2210761411e+02   0.00e+00  1.29e-01    1.475570e-01
   6 1.0565269645e+01  -2.24e-01  1.29e-07    1.147779e+01

After 6 iterations the fit converged.
final sum of squares of residuals : 10.5653
rel. change during last iteration : -2.24048e-06

degrees of freedom    (FIT_NDF)                        : 26
rms of residuals      (FIT_STDFIT) = sqrt(WSSR/ndf)    : 0.637461
variance of residuals (reduced chisquare) = WSSR/ndf   : 0.406357

Final set of parameters            Asymptotic Standard Error
=======================            ==========================
b               = 11.4778          +/- 1.025        (8.927%)


*******************************************************************************
Sun Jan 16 17:42:34 2022


FIT:    data read from "mcarfluc.dat"
        format = z
        #datapoints = 41
        residuals are weighted equally (unit weight)

function used for fitting: f(x)
	f(x) = a * x + b
fitted parameters initialized with current variable values

iter      chisq       delta/lim  lambda   a             b            
   0 1.9192992886e+02   0.00e+00  1.79e+00    1.000000e+00   1.000000e+00
   4 1.2206684774e+00  -1.36e-08  1.79e-04   -7.745648e-01   5.041812e+00

After 4 iterations the fit converged.
final sum of squares of residuals : 1.22067
rel. change during last iteration : -1.35519e-13

degrees of freedom    (FIT_NDF)                        : 39
rms of residuals      (FIT_STDFIT) = sqrt(WSSR/ndf)    : 0.176916
variance of residuals (reduced chisquare) = WSSR/ndf   : 0.0312992

Final set of parameters            Asymptotic Standard Error
=======================            ==========================
a               = -0.774565        +/- 0.02335      (3.015%)
b               = 5.04181          +/- 0.05426      (1.076%)

correlation matrix of the fit parameters:
                a      b      
a               1.000 
b              -0.861  1.000 
